info @storybook/react v6.5.13
info 
info => Cleaning outputDir: /tmp/chromatic--1576-F1gz9j2KvKOR
info => Loading presets
info => Compiling manager..
info => Compiling preview..
info Addon-docs: using MDX1
info => Using implicit CSS loaders
info => Using default Webpack5 setup
<s> [webpack.Progress] 0% 

<s> [webpack.Progress] 1% setup before run
<s> [webpack.Progress] 1% setup before run NodeEnvironmentPlugin
<s> [webpack.Progress] 1% setup before run
<s> [webpack.Progress] 2% setup run
<s> [webpack.Progress] 2% setup run
<s> [webpack.Progress] 4% setup normal module factory
<s> [webpack.Progress] 4% setup normal module factory CaseSensitivePathsPlugin
<s> [webpack.Progress] 4% setup normal module factory
<s> [webpack.Progress] 5% setup context module factory
<s> [webpack.Progress] 5% setup context module factory
<s> [webpack.Progress] 6% setup before compile
<s> [webpack.Progress] 6% setup before compile ProgressPlugin
<s> [webpack.Progress] 6% setup before compile
<s> [webpack.Progress] 7% setup compile
<s> [webpack.Progress] 7% setup compile ExternalsPlugin
<s> [webpack.Progress] 7% setup compile
<s> [webpack.Progress] 8% setup compilation
<s> [webpack.Progress] 8% setup compilation ArrayPushCallbackChunkFormatPlugin
<s> [webpack.Progress] 8% setup compilation JsonpChunkLoadingPlugin
<s> [webpack.Progress] 8% setup compilation StartupChunkDependenciesPlugin
<s> [webpack.Progress] 8% setup compilation ImportScriptsChunkLoadingPlugin
<s> [webpack.Progress] 8% setup compilation FetchCompileWasmPlugin
<s> [webpack.Progress] 8% setup compilation FetchCompileAsyncWasmPlugin
<s> [webpack.Progress] 8% setup compilation WorkerPlugin
<s> [webpack.Progress] 8% setup compilation SplitChunksPlugin
<s> [webpack.Progress] 8% setup compilation RuntimeChunkPlugin
<s> [webpack.Progress] 8% setup compilation ResolverCachePlugin
<s> [webpack.Progress] 8% setup compilation HtmlWebpackPlugin
<s> [webpack.Progress] 8% setup compilation
<s> [webpack.Progress] 9% setup compilation
<s> [webpack.Progress] 9% setup compilation DefinePlugin
<s> [webpack.Progress] 9% setup compilation ProvidePlugin
<s> [webpack.Progress] 9% setup compilation ProgressPlugin
<s> [webpack.Progress] 9% setup compilation DocGenPlugin
<s> [webpack.Progress] 9% setup compilation ChunkPrefetchPreloadPlugin
<s> [webpack.Progress] 9% setup compilation SourceMapDevToolPlugin
<s> [webpack.Progress] 9% setup compilation JavascriptModulesPlugin
<s> [webpack.Progress] 9% setup compilation JsonModulesPlugin
<s> [webpack.Progress] 9% setup compilation AssetModulesPlugin
<s> [webpack.Progress] 9% setup compilation EntryPlugin
<s> [webpack.Progress] 9% setup compilation EntryPlugin
<s> [webpack.Progress] 9% setup compilation EntryPlugin
<s> [webpack.Progress] 9% setup compilation EntryPlugin
<s> [webpack.Progress] 9% setup compilation EntryPlugin
<s> [webpack.Progress] 9% setup compilation EntryPlugin
<s> [webpack.Progress] 9% setup compilation EntryPlugin
<s> [webpack.Progress] 9% setup compilation EntryPlugin
<s> [webpack.Progress] 9% setup compilation EntryPlugin
<s> [webpack.Progress] 9% setup compilation EntryPlugin
<s> [webpack.Progress] 9% setup compilation EntryPlugin
<s> [webpack.Progress] 9% setup compilation EntryPlugin
<s> [webpack.Progress] 9% setup compilation EntryPlugin
<s> [webpack.Progress] 9% setup compilation EntryPlugin
<s> [webpack.Progress] 9% setup compilation EntryPlugin
<s> [webpack.Progress] 9% setup compilation RuntimePlugin
<s> [webpack.Progress] 9% setup compilation InferAsyncModulesPlugin
<s> [webpack.Progress] 9% setup compilation DataUriPlugin
<s> [webpack.Progress] 9% setup compilation FileUriPlugin
<s> [webpack.Progress] 9% setup compilation CompatibilityPlugin
<s> [webpack.Progress] 9% setup compilation HarmonyModulesPlugin
<s> [webpack.Progress] 9% setup compilation AMDPlugin
<s> [webpack.Progress] 9% setup compilation RequireJsStuffPlugin
<s> [webpack.Progress] 9% setup compilation CommonJsPlugin
<s> [webpack.Progress] 9% setup compilation LoaderPlugin
<s> [webpack.Progress] 9% setup compilation LoaderPlugin
<s> [webpack.Progress] 9% setup compilation NodeStuffPlugin
<s> [webpack.Progress] 9% setup compilation APIPlugin
<s> [webpack.Progress] 9% setup compilation ExportsInfoApiPlugin
<s> [webpack.Progress] 9% setup compilation WebpackIsIncludedPlugin
<s> [webpack.Progress] 9% setup compilation ConstPlugin
<s> [webpack.Progress] 9% setup compilation UseStrictPlugin
<s> [webpack.Progress] 9% setup compilation RequireIncludePlugin
<s> [webpack.Progress] 9% setup compilation RequireEnsurePlugin
<s> [webpack.Progress] 9% setup compilation RequireContextPlugin
<s> [webpack.Progress] 9% setup compilation ImportPlugin
<s> [webpack.Progress] 9% setup compilation RequireContextPlugin
<s> [webpack.Progress] 9% setup compilation SystemPlugin
<s> [webpack.Progress] 9% setup compilation ImportMetaPlugin
<s> [webpack.Progress] 9% setup compilation URLPlugin
<s> [webpack.Progress] 9% setup compilation DefaultStatsFactoryPlugin
<s> [webpack.Progress] 9% setup compilation DefaultStatsPresetPlugin
<s> [webpack.Progress] 9% setup compilation DefaultStatsPrinterPlugin
<s> [webpack.Progress] 9% setup compilation JavascriptMetaInfoPlugin
<s> [webpack.Progress] 9% setup compilation EnsureChunkConditionsPlugin
<s> [webpack.Progress] 9% setup compilation RemoveEmptyChunksPlugin
<s> [webpack.Progress] 9% setup compilation MergeDuplicateChunksPlugin
<s> [webpack.Progress] 9% setup compilation FlagIncludedChunksPlugin
<s> [webpack.Progress] 9% setup compilation SideEffectsFlagPlugin
<s> [webpack.Progress] 9% setup compilation FlagDependencyExportsPlugin
<s> [webpack.Progress] 9% setup compilation FlagDependencyUsagePlugin
<s> [webpack.Progress] 9% setup compilation InnerGraphPlugin
<s> [webpack.Progress] 9% setup compilation MangleExportsPlugin
<s> [webpack.Progress] 9% setup compilation ModuleConcatenationPlugin
<s> [webpack.Progress] 9% setup compilation NoEmitOnErrorsPlugin
<s> [webpack.Progress] 9% setup compilation RealContentHashPlugin
<s> [webpack.Progress] 9% setup compilation WasmFinalizeExportsPlugin
<s> [webpack.Progress] 9% setup compilation NamedModuleIdsPlugin
<s> [webpack.Progress] 9% setup compilation DeterministicChunkIdsPlugin
<s> [webpack.Progress] 9% setup compilation DefinePlugin
<s> [webpack.Progress] 9% setup compilation TerserPlugin
<s> [webpack.Progress] 9% setup compilation TemplatedPathPlugin
<s> [webpack.Progress] 9% setup compilation RecordIdsPlugin
<s> [webpack.Progress] 9% setup compilation WarnCaseSensitiveModulesPlugin
<s> [webpack.Progress] 9% setup compilation IgnoreWarningsPlugin
<s> [webpack.Progress] 9% setup compilation
<s> [webpack.Progress] 10% building
<s> [webpack.Progress] 10% building 0/1 entries 0/0 dependencies 0/0 modules
<s> [webpack.Progress] 10% building import loader ./node_modules/babel-loader/lib/index.js
<s> [webpack.Progress] 10% building 0/15 entries 14/33 dependencies 0/13 modules
<s> [webpack.Progress] 10% building 0/15 entries 14/34 dependencies 0/13 modules
<s> [webpack.Progress] 10% building 0/15 entries 17/35 dependencies 0/15 modules
<s> [webpack.Progress] 10% building 0/15 entries 19/35 dependencies 0/17 modules
<s> [webpack.Progress] 10% building 0/15 entries 25/36 dependencies 0/24 modules
<s> [webpack.Progress] 10% building 0/15 entries 25/40 dependencies 0/24 modules
<s> [webpack.Progress] 10% building 0/15 entries 26/43 dependencies 0/24 modules

WARNING (@babel/preset-env): We noticed you're using the `useBuiltIns` option without declaring a core-js version. Currently, we assume version 2.x when no version is passed. Since this default version will likely change in future versions of Babel, we recommend explicitly setting the core-js version you are using via the `corejs` option.

You should also be sure that the version you pass to the `corejs` option matches the version specified in your `package.json`'s `dependencies` section. If it doesn't, you need to run one of the following commands:

  npm install --save core-js@2    npm install --save core-js@3
  yarn add core-js@2              yarn add core-js@3

More info about useBuiltIns: https://babeljs.io/docs/en/babel-preset-env#usebuiltins
More info about core-js: https://babeljs.io/docs/en/babel-preset-env#corejs

WARNING (@babel/preset-env): We noticed you're using the `useBuiltIns` option without declaring a core-js version. Currently, we assume version 2.x when no version is passed. Since this default version will likely change in future versions of Babel, we recommend explicitly setting the core-js version you are using via the `corejs` option.

You should also be sure that the version you pass to the `corejs` option matches the version specified in your `package.json`'s `dependencies` section. If it doesn't, you need to run one of the following commands:

  npm install --save core-js@2    npm install --save core-js@3
  yarn add core-js@2              yarn add core-js@3

More info about useBuiltIns: https://babeljs.io/docs/en/babel-preset-env#usebuiltins
More info about core-js: https://babeljs.io/docs/en/babel-preset-env#corejs
<s> [webpack.Progress] 10% building 0/15 entries 26/44 dependencies 0/25 modules
<s> [webpack.Progress] 10% building 0/15 entries 28/55 dependencies 0/26 modules
<s> [webpack.Progress] 13% building 1/15 entries 40/75 dependencies 1/37 modules
<s> [webpack.Progress] 13% building 1/15 entries 76/193 dependencies 3/62 modules
<s> [webpack.Progress] 13% building 1/15 entries 100/219 dependencies 6/83 modules
<s> [webpack.Progress] 13% building import loader ./node_modules/@storybook/source-loader/dist/cjs/index.js
<s> [webpack.Progress] 13% building 1/15 entries 177/219 dependencies 6/144 modules
<s> [webpack.Progress] 13% building 1/15 entries 200/283 dependencies 6/157 modules
<s> [webpack.Progress] 13% building 1/15 entries 400/453 dependencies 6/232 modules
<s> [webpack.Progress] 13% building 1/15 entries 500/560 dependencies 7/296 modules
<s> [webpack.Progress] 13% building 1/15 entries 700/732 dependencies 7/344 modules
<s> [webpack.Progress] 13% building 1/15 entries 798/800 dependencies 10/385 modules
<s> [webpack.Progress] 13% building 1/15 entries 863/890 dependencies 11/426 modules
<s> [webpack.Progress] 13% building 1/15 entries 923/938 dependencies 13/446 modules
<s> [webpack.Progress] 13% building 1/15 entries 965/1000 dependencies 14/462 modules
<s> [webpack.Progress] 17% building 2/15 entries 985/1019 dependencies 19/466 modules
<s> [webpack.Progress] 17% building 2/15 entries 1035/1037 dependencies 20/491 modules
<s> [webpack.Progress] 17% building 2/15 entries 1037/1100 dependencies 21/492 modules
<s> [webpack.Progress] 17% building 2/15 entries 1100/1226 dependencies 21/553 modules
<s> [webpack.Progress] 17% building 2/15 entries 1146/1240 dependencies 21/600 modules
<s> [webpack.Progress] 17% building 2/15 entries 1200/1240 dependencies 22/645 modules
<s> [webpack.Progress] 17% building 2/15 entries 1268/1270 dependencies 27/691 modules
<s> [webpack.Progress] 17% building 2/15 entries 1274/1274 dependencies 28/696 modules
<s> [webpack.Progress] 17% building 2/15 entries 1427/1869 dependencies 29/800 modules
<s> [webpack.Progress] 17% building 2/15 entries 1900/2272 dependencies 31/1061 modules
<s> [webpack.Progress] 17% building 2/15 entries 2300/2544 dependencies 38/1274 modules
<s> [webpack.Progress] 17% building 2/15 entries 2646/2800 dependencies 64/1449 modules
<s> [webpack.Progress] 17% building 2/15 entries 2688/2900 dependencies 69/1475 modules
<s> [webpack.Progress] 17% building 2/15 entries 3003/3100 dependencies 93/1597 modules
<s> [webpack.Progress] 17% building 2/15 entries 3214/3279 dependencies 94/1800 modules
<s> [webpack.Progress] 17% building 2/15 entries 3300/3513 dependencies 100/1869 modules
<s> [webpack.Progress] 17% building 2/15 entries 4000/4090 dependencies 130/2102 modules
<s> [webpack.Progress] 17% building 2/15 entries 4493/4700 dependencies 158/2216 modules
<s> [webpack.Progress] 17% building 2/15 entries 5700/5826 dependencies 257/2459 modules
<s> [webpack.Progress] 17% building 2/15 entries 6200/6234 dependencies 291/2594 modules
<s> [webpack.Progress] 17% building 2/15 entries 6723/6800 dependencies 303/2820 modules
<s> [webpack.Progress] 17% building 2/15 entries 7164/7200 dependencies 345/2972 modules
<s> [webpack.Progress] 17% building 2/15 entries 7197/7400 dependencies 356/2977 modules
<s> [webpack.Progress] 17% building 2/15 entries 7400/7775 dependencies 359/2988 modules
<s> [webpack.Progress] 17% building 2/15 entries 7775/7800 dependencies 362/3164 modules
<s> [webpack.Progress] 17% building 2/15 entries 7900/8187 dependencies 383/3189 modules
<s> [webpack.Progress] 17% building 2/15 entries 8197/8224 dependencies 400/3295 modules
<s> [webpack.Progress] 17% building 2/15 entries 8315/8600 dependencies 413/3295 modules
<s> [webpack.Progress] 17% building 2/15 entries 8500/8654 dependencies 413/3296 modules
<s> [webpack.Progress] 17% building 2/15 entries 8647/8700 dependencies 418/3311 modules
<s> [webpack.Progress] 17% building 2/15 entries 8860/9300 dependencies 421/3312 modules
<s> [webpack.Progress] 17% building 2/15 entries 9300/9329 dependencies 422/3326 modules
<s> [webpack.Progress] 17% building 2/15 entries 9400/9771 dependencies 422/3329 modules
<s> [webpack.Progress] 17% building 2/15 entries 9500/9991 dependencies 423/3329 modules
<s> [webpack.Progress] 17% building 2/15 entries 9600/10043 dependencies 423/3330 modules
<s> [webpack.Progress] 17% building 2/15 entries 10037/10100 dependencies 429/3355 modules
<s> [webpack.Progress] 17% building 2/15 entries 10477/10700 dependencies 479/3404 modules
<s> [webpack.Progress] 18% building 2/15 entries 11300/11469 dependencies 759/3512 modules
<s> [webpack.Progress] 19% building 2/15 entries 11778/11800 dependencies 889/3592 modules
<s> [webpack.Progress] 22% building 2/15 entries 12421/12500 dependencies 1141/3663 modules
<s> [webpack.Progress] 23% building 2/15 entries 13005/13100 dependencies 1206/3786 modules
<s> [webpack.Progress] 23% building 2/15 entries 13500/13691 dependencies 1260/3890 modules
<s> [webpack.Progress] 24% building 2/15 entries 13792/14044 dependencies 1300/3924 modules
<s> [webpack.Progress] 24% building 2/15 entries 14173/14300 dependencies 1333/3997 modules
<s> [webpack.Progress] 25% building 2/15 entries 14537/14600 dependencies 1391/4090 modules
<s> [webpack.Progress] 25% building 2/15 entries 14700/14969 dependencies 1427/4099 modules
<s> [webpack.Progress] 26% building 2/15 entries 15400/15457 dependencies 1486/4232 modules
<s> [webpack.Progress] 26% building 2/15 entries 15730/15800 dependencies 1512/4287 modules
<s> [webpack.Progress] 27% building 2/15 entries 15900/16037 dependencies 1550/4292 modules
<s> [webpack.Progress] 27% building 2/15 entries 16048/16100 dependencies 1627/4334 modules
<s> [webpack.Progress] 28% building 2/15 entries 16296/16396 dependencies 1700/4336 modules
<s> [webpack.Progress] 29% building 2/15 entries 16400/16491 dependencies 1756/4363 modules
<s> [webpack.Progress] 29% building 2/15 entries 16487/16543 dependencies 1800/4364 modules
<s> [webpack.Progress] 31% building 2/15 entries 16621/16700 dependencies 1938/4398 modules
<s> [webpack.Progress] 32% building 2/15 entries 16846/16900 dependencies 2031/4442 modules
<s> [webpack.Progress] 33% building 2/15 entries 17175/17300 dependencies 2153/4468 modules
<s> [webpack.Progress] 34% building 2/15 entries 17500/17682 dependencies 2264/4483 modules
<s> [webpack.Progress] 35% building 2/15 entries 17527/17700 dependencies 2274/4486 modules
<s> [webpack.Progress] 35% building 2/15 entries 17800/17865 dependencies 2342/4532 modules
<s> [webpack.Progress] 36% building 2/15 entries 17900/18070 dependencies 2398/4532 modules
<s> [webpack.Progress] 37% building 2/15 entries 18153/18200 dependencies 2517/4548 modules
<s> [webpack.Progress] 38% building 2/15 entries 18400/18590 dependencies 2581/4561 modules
<s> [webpack.Progress] 38% building 2/15 entries 18590/18600 dependencies 2593/4620 modules
<s> [webpack.Progress] 38% building 2/15 entries 18700/18899 dependencies 2632/4620 modules
<s> [webpack.Progress] 40% building 2/15 entries 18900/18944 dependencies 2777/4625 modules
<s> [webpack.Progress] 40% building 2/15 entries 19000/19267 dependencies 2797/4672 modules
<s> [webpack.Progress] 42% building 2/15 entries 19371/19500 dependencies 2952/4775 modules
<s> [webpack.Progress] 43% building 2/15 entries 19562/19669 dependencies 3035/4800 modules
<s> [webpack.Progress] 44% building 2/15 entries 19652/19700 dependencies 3152/4810 modules
<s> [webpack.Progress] 46% building 2/15 entries 19832/19869 dependencies 3300/4857 modules
<s> [webpack.Progress] 47% building 2/15 entries 19953/20100 dependencies 3407/4889 modules
<s> [webpack.Progress] 48% building 2/15 entries 20127/20200 dependencies 3504/4901 modules
<s> [webpack.Progress] 49% building 2/15 entries 20384/20400 dependencies 3613/4944 modules
<s> [webpack.Progress] 50% building 2/15 entries 20476/20595 dependencies 3700/4947 modules
<s> [webpack.Progress] 50% building 2/15 entries 20521/20700 dependencies 3715/4948 modules
<s> [webpack.Progress] 51% building 2/15 entries 20681/20800 dependencies 3740/4961 modules
<s> [webpack.Progress] 51% building 2/15 entries 20900/21026 dependencies 3780/4988 modules
<s> [webpack.Progress] 52% building 2/15 entries 21058/21100 dependencies 3846/5030 modules
<s> [webpack.Progress] 52% building 2/15 entries 21131/21370 dependencies 3900/5053 modules
<s> [webpack.Progress] 54% building 2/15 entries 21525/21565 dependencies 4232/5200 modules
<s> [webpack.Progress] 56% building 2/15 entries 21960/22100 dependencies 4467/5246 modules
<s> [webpack.Progress] 56% building 2/15 entries 22400/22485 dependencies 4514/5326 modules
<s> [webpack.Progress] 56% building 2/15 entries 22485/22500 dependencies 4518/5365 modules
<s> [webpack.Progress] 56% building 3/15 entries 22706/22805 dependencies 4576/5455 modules
<s> [webpack.Progress] 56% building 4/15 entries 22706/22805 dependencies 4577/5455 modules
<s> [webpack.Progress] 56% building 5/15 entries 22706/22805 dependencies 4578/5455 modules
<s> [webpack.Progress] 56% building 6/15 entries 22706/22805 dependencies 4579/5455 modules
<s> [webpack.Progress] 56% building 7/15 entries 22748/22805 dependencies 4636/5455 modules
<s> [webpack.Progress] 56% building 8/15 entries 22748/22805 dependencies 4637/5455 modules
<s> [webpack.Progress] 56% building 9/15 entries 22748/22805 dependencies 4638/5455 modules
<s> [webpack.Progress] 56% building 10/15 entries 22755/22805 dependencies 4654/5457 modules
<s> [webpack.Progress] 57% building 10/15 entries 23138/23200 dependencies 4810/5515 modules
<s> [webpack.Progress] 58% building 11/15 entries 23726/23851 dependencies 4976/5624 modules
<s> [webpack.Progress] 61% building 11/15 entries 24445/24488 dependencies 5300/5708 modules
<s> [webpack.Progress] 63% building 12/15 entries 24547/24583 dependencies 5583/5739 modules
<s> [webpack.Progress] 63% building 13/15 entries 24547/24583 dependencies 5584/5739 modules
<s> [webpack.Progress] 64% building 14/15 entries 24850/24852 dependencies 5770/5800 modules
<s> [webpack.Progress] 65% building 15/15 entries 24902/24902 dependencies 5807/5807 modules
<s> [webpack.Progress] 65% building
<s> [webpack.Progress] 69% building finish
<s> [webpack.Progress] 69% building finish
<s> [webpack.Progress] 70% sealing finish module graph
<s> [webpack.Progress] 70% sealing finish module graph ResolverCachePlugin
<s> [webpack.Progress] 70% sealing finish module graph InferAsyncModulesPlugin
<s> [webpack.Progress] 70% sealing finish module graph FlagDependencyExportsPlugin
<s> [webpack.Progress] 70% sealing finish module graph InnerGraphPlugin
<s> [webpack.Progress] 70% sealing finish module graph WasmFinalizeExportsPlugin
<s> [webpack.Progress] 70% sealing finish module graph
<s> [webpack.Progress] 70% sealing plugins
<s> [webpack.Progress] 70% sealing plugins DocGenPlugin
DeprecationWarning: 'createIdentifier' has been deprecated since v4.0.0. Use the appropriate method on 'ts.factory' or the 'factory' supplied by your transformation context instead.
DeprecationWarning: '' has been deprecated since v4.0.0. Use the appropriate method on 'ts.factory' or the 'factory' supplied by your transformation context instead.
DeprecationWarning: 'createLiteral' has been deprecated since v4.0.0. Use `factory.createStringLiteral`, `factory.createStringLiteralFromNode`, `factory.createNumericLiteral`, `factory.createBigIntLiteral`, `factory.createTrue`, `factory.createFalse`, or the factory supplied by your transformation context instead.
DeprecationWarning: 'createBinaryExpression' has been deprecated since v4.0.0. Use the appropriate method on 'ts.factory' or the 'factory' supplied by your transformation context instead.
DeprecationWarning: 'createExpressionStatement' has been deprecated since v4.0.0. Use the appropriate method on 'ts.factory' or the 'factory' supplied by your transformation context instead.
DeprecationWarning: 'createPropertyAssignment' has been deprecated since v4.0.0. Use the appropriate method on 'ts.factory' or the 'factory' supplied by your transformation context instead.
DeprecationWarning: 'createNull' has been deprecated since v4.0.0. Use the appropriate method on 'ts.factory' or the 'factory' supplied by your transformation context instead.
DeprecationWarning: 'createTrue' has been deprecated since v4.0.0. Use the appropriate method on 'ts.factory' or the 'factory' supplied by your transformation context instead.
DeprecationWarning: 'createObjectLiteralExpression' has been deprecated since v4.0.0. Use the appropriate method on 'ts.factory' or the 'factory' supplied by your transformation context instead.
DeprecationWarning: 'createFalse' has been deprecated since v4.0.0. Use the appropriate method on 'ts.factory' or the 'factory' supplied by your transformation context instead.
DeprecationWarning: 'createExpressionStatement' has been deprecated since v4.0.0. Use the appropriate method on 'ts.factory' or the 'factory' supplied by your transformation context instead.
DeprecationWarning: 'createTypeOfExpression' has been deprecated since v4.0.0. Use the appropriate method on 'ts.factory' or the 'factory' supplied by your transformation context instead.
DeprecationWarning: 'createElementAccessExpression' has been deprecated since v4.0.0. Use the appropriate method on 'ts.factory' or the 'factory' supplied by your transformation context instead.
DeprecationWarning: 'createIfStatement' has been deprecated since v4.0.0. Use the appropriate method on 'ts.factory' or the 'factory' supplied by your transformation context instead.
DeprecationWarning: 'createBlock' has been deprecated since v4.0.0. Use the appropriate method on 'ts.factory' or the 'factory' supplied by your transformation context instead.
DeprecationWarning: 'createVariableDeclaration' has been deprecated since v4.0.0. Use the appropriate method on 'ts.factory' or the 'factory' supplied by your transformation context instead.
DeprecationWarning: 'createCatchClause' has been deprecated since v4.0.0. Use the appropriate method on 'ts.factory' or the 'factory' supplied by your transformation context instead.
DeprecationWarning: 'createTryStatement' has been deprecated since v4.0.0. Use the appropriate method on 'ts.factory' or the 'factory' supplied by your transformation context instead.
DeprecationWarning: 'createArrayLiteralExpression' has been deprecated since v4.0.0. Use the appropriate method on 'ts.factory' or the 'factory' supplied by your transformation context instead.
<s> [webpack.Progress] 70% sealing plugins WarnCaseSensitiveModulesPlugin
<s> [webpack.Progress] 70% sealing plugins
<s> [webpack.Progress] 71% sealing dependencies optimization
<s> [webpack.Progress] 71% sealing dependencies optimization SideEffectsFlagPlugin
<s> [webpack.Progress] 71% sealing dependencies optimization FlagDependencyUsagePlugin
<s> [webpack.Progress] 71% sealing dependencies optimization
<s> [webpack.Progress] 71% sealing after dependencies optimization
<s> [webpack.Progress] 71% sealing after dependencies optimization
<s> [webpack.Progress] 72% sealing chunk graph
<s> [webpack.Progress] 72% sealing chunk graph
<s> [webpack.Progress] 73% sealing after chunk graph
<s> [webpack.Progress] 73% sealing after chunk graph
<s> [webpack.Progress] 73% sealing optimizing
<s> [webpack.Progress] 73% sealing optimizing
<s> [webpack.Progress] 74% sealing module optimization
<s> [webpack.Progress] 74% sealing module optimization
<s> [webpack.Progress] 75% sealing after module optimization
<s> [webpack.Progress] 75% sealing after module optimization
<s> [webpack.Progress] 75% sealing chunk optimization
<s> [webpack.Progress] 75% sealing chunk optimization EnsureChunkConditionsPlugin
<s> [webpack.Progress] 75% sealing chunk optimization RemoveEmptyChunksPlugin
<s> [webpack.Progress] 75% sealing chunk optimization MergeDuplicateChunksPlugin
<s> [webpack.Progress] 75% sealing chunk optimization SplitChunksPlugin
<s> [webpack.Progress] 75% sealing chunk optimization RemoveEmptyChunksPlugin
<s> [webpack.Progress] 75% sealing chunk optimization
<s> [webpack.Progress] 76% sealing after chunk optimization
<s> [webpack.Progress] 76% sealing after chunk optimization
<s> [webpack.Progress] 77% sealing module and chunk tree optimization
<s> [webpack.Progress] 77% sealing module and chunk tree optimization PersistentChildCompilerSingletonPlugin
<s> [webpack.Progress] 77% sealing module and chunk tree optimization
<s> [webpack.Progress] 77% sealing after module and chunk tree optimization
<s> [webpack.Progress] 77% sealing after module and chunk tree optimization
<s> [webpack.Progress] 78% sealing chunk modules optimization
<s> [webpack.Progress] 78% sealing chunk modules optimization ModuleConcatenationPlugin
<s> [webpack.Progress] 78% sealing chunk modules optimization
<s> [webpack.Progress] 78% sealing after chunk modules optimization
<s> [webpack.Progress] 78% sealing after chunk modules optimization
<s> [webpack.Progress] 79% sealing module reviving
<s> [webpack.Progress] 79% sealing module reviving RecordIdsPlugin
<s> [webpack.Progress] 79% sealing module reviving
<s> [webpack.Progress] 80% sealing before module ids
<s> [webpack.Progress] 80% sealing before module ids
<s> [webpack.Progress] 80% sealing module ids
<s> [webpack.Progress] 80% sealing module ids NamedModuleIdsPlugin
<s> [webpack.Progress] 80% sealing module ids
<s> [webpack.Progress] 81% sealing module id optimization
<s> [webpack.Progress] 81% sealing module id optimization
<s> [webpack.Progress] 82% sealing module id optimization
<s> [webpack.Progress] 82% sealing module id optimization
<s> [webpack.Progress] 82% sealing chunk reviving
<s> [webpack.Progress] 82% sealing chunk reviving RecordIdsPlugin
<s> [webpack.Progress] 82% sealing chunk reviving
<s> [webpack.Progress] 83% sealing before chunk ids
<s> [webpack.Progress] 83% sealing before chunk ids
<s> [webpack.Progress] 84% sealing chunk ids
<s> [webpack.Progress] 84% sealing chunk ids DeterministicChunkIdsPlugin
<s> [webpack.Progress] 84% sealing chunk ids
<s> [webpack.Progress] 84% sealing chunk id optimization
<s> [webpack.Progress] 84% sealing chunk id optimization FlagIncludedChunksPlugin
<s> [webpack.Progress] 84% sealing chunk id optimization
<s> [webpack.Progress] 85% sealing after chunk id optimization
<s> [webpack.Progress] 85% sealing after chunk id optimization
<s> [webpack.Progress] 86% sealing record modules
<s> [webpack.Progress] 86% sealing record modules RecordIdsPlugin
<s> [webpack.Progress] 86% sealing record modules
<s> [webpack.Progress] 86% sealing record chunks
<s> [webpack.Progress] 86% sealing record chunks RecordIdsPlugin
<s> [webpack.Progress] 86% sealing record chunks
<s> [webpack.Progress] 87% sealing module hashing
<s> [webpack.Progress] 87% sealing module hashing
<s> [webpack.Progress] 87% sealing code generation
<s> [webpack.Progress] 87% sealing code generation
<s> [webpack.Progress] 88% sealing runtime requirements
<s> [webpack.Progress] 88% sealing runtime requirements
<s> [webpack.Progress] 89% sealing hashing
<s> [webpack.Progress] 89% sealing hashing
<s> [webpack.Progress] 89% sealing after hashing
<s> [webpack.Progress] 89% sealing after hashing
<s> [webpack.Progress] 90% sealing record hash
<s> [webpack.Progress] 90% sealing record hash
<s> [webpack.Progress] 91% sealing module assets processing
<s> [webpack.Progress] 91% sealing module assets processing
<s> [webpack.Progress] 91% sealing chunk assets processing
<s> [webpack.Progress] 91% sealing chunk assets processing
<s> [webpack.Progress] 92% sealing asset processing
<s> [webpack.Progress] 92% sealing asset processing PersistentChildCompilerSingletonPlugin
<s> [webpack.Progress] 92% sealing asset processing TerserPlugin
info => Manager built (2.23 min)
<s> [webpack.Progress] 92% sealing asset processing SourceMapDevToolPlugin
<s> [webpack.Progress] 92% sealing asset processing SourceMapDevToolPlugin
<s> [webpack.Progress] 92% sealing asset processing SourceMapDevToolPlugin main.d0bd4580.iframe.bundle.js generate SourceMap
<s> [webpack.Progress] 92% sealing asset processing SourceMapDevToolPlugin main.d0bd4580.iframe.bundle.js generated SourceMap
<s> [webpack.Progress] 92% sealing asset processing SourceMapDevToolPlugin runtime~main.24dc5aee.iframe.bundle.js generate SourceMap
<s> [webpack.Progress] 92% sealing asset processing SourceMapDevToolPlugin runtime~main.24dc5aee.iframe.bundle.js generated SourceMap
<s> [webpack.Progress] 92% sealing asset processing SourceMapDevToolPlugin 701.a37923b2.iframe.bundle.js generate SourceMap
<s> [webpack.Progress] 92% sealing asset processing SourceMapDevToolPlugin 701.a37923b2.iframe.bundle.js generated SourceMap
<s> [webpack.Progress] 92% sealing asset processing SourceMapDevToolPlugin 745.4b9aa316.iframe.bundle.js generate SourceMap
<s> [webpack.Progress] 92% sealing asset processing SourceMapDevToolPlugin 745.4b9aa316.iframe.bundle.js generated SourceMap
<s> [webpack.Progress] 92% sealing asset processing SourceMapDevToolPlugin 273.97419f6e.iframe.bundle.js generate SourceMap
<s> [webpack.Progress] 92% sealing asset processing SourceMapDevToolPlugin 273.97419f6e.iframe.bundle.js generated SourceMap
<s> [webpack.Progress] 92% sealing asset processing SourceMapDevToolPlugin 51.f55c6343.iframe.bundle.js generate SourceMap
<s> [webpack.Progress] 92% sealing asset processing SourceMapDevToolPlugin 51.f55c6343.iframe.bundle.js generated SourceMap
<s> [webpack.Progress] 92% sealing asset processing SourceMapDevToolPlugin 807.354e6080.iframe.bundle.js generate SourceMap
<s> [webpack.Progress] 92% sealing asset processing SourceMapDevToolPlugin 807.354e6080.iframe.bundle.js generated SourceMap
<s> [webpack.Progress] 92% sealing asset processing SourceMapDevToolPlugin 551.31fd5212.iframe.bundle.js generate SourceMap
<s> [webpack.Progress] 92% sealing asset processing SourceMapDevToolPlugin 551.31fd5212.iframe.bundle.js generated SourceMap
<s> [webpack.Progress] 92% sealing asset processing SourceMapDevToolPlugin 897.cc2834a9.iframe.bundle.js generate SourceMap
<s> [webpack.Progress] 92% sealing asset processing SourceMapDevToolPlugin 897.cc2834a9.iframe.bundle.js generated SourceMap
<s> [webpack.Progress] 92% sealing asset processing SourceMapDevToolPlugin 229.68222680.iframe.bundle.js generate SourceMap
<s> [webpack.Progress] 92% sealing asset processing SourceMapDevToolPlugin 229.68222680.iframe.bundle.js generated SourceMap
<s> [webpack.Progress] 92% sealing asset processing SourceMapDevToolPlugin 935.239c2f6d.iframe.bundle.js generate SourceMap
<s> [webpack.Progress] 92% sealing asset processing SourceMapDevToolPlugin 935.239c2f6d.iframe.bundle.js generated SourceMap
<s> [webpack.Progress] 92% sealing asset processing SourceMapDevToolPlugin 711.5b43ba42.iframe.bundle.js generate SourceMap
<s> [webpack.Progress] 92% sealing asset processing SourceMapDevToolPlugin 711.5b43ba42.iframe.bundle.js generated SourceMap
<s> [webpack.Progress] 92% sealing asset processing SourceMapDevToolPlugin resolve sources
<s> [webpack.Progress] 92% sealing asset processing SourceMapDevToolPlugin 711.5b43ba42.iframe.bundle.js attach SourceMap
<s> [webpack.Progress] 92% sealing asset processing SourceMapDevToolPlugin 711.5b43ba42.iframe.bundle.js attached SourceMap
<s> [webpack.Progress] 92% sealing asset processing SourceMapDevToolPlugin
<s> [webpack.Progress] 92% sealing asset processing SourceMapDevToolPlugin
<s> [webpack.Progress] 92% sealing asset processing SourceMapDevToolPlugin resolve sources
<s> [webpack.Progress] 92% sealing asset processing SourceMapDevToolPlugin
<s> [webpack.Progress] 92% sealing asset processing HtmlWebpackPlugin
<s> [webpack.Progress] 92% sealing asset processing HtmlWebpackPlugin
<s> [webpack.Progress] 92% sealing asset processing HtmlWebpackPlugin resolve sources
<s> [webpack.Progress] 92% sealing asset processing HtmlWebpackPlugin
<s> [webpack.Progress] 92% sealing asset processing RealContentHashPlugin
<s> [webpack.Progress] 92% sealing asset processing RealContentHashPlugin
<s> [webpack.Progress] 92% sealing asset processing RealContentHashPlugin main.6f36f0e0.iframe.bundle.js generate SourceMap
<s> [webpack.Progress] 92% sealing asset processing RealContentHashPlugin main.6f36f0e0.iframe.bundle.js generated SourceMap
<s> [webpack.Progress] 92% sealing asset processing RealContentHashPlugin runtime~main.9b83251b.iframe.bundle.js generate SourceMap
<s> [webpack.Progress] 92% sealing asset processing RealContentHashPlugin runtime~main.9b83251b.iframe.bundle.js generated SourceMap
<s> [webpack.Progress] 92% sealing asset processing RealContentHashPlugin 701.344f0298.iframe.bundle.js generate SourceMap
<s> [webpack.Progress] 92% sealing asset processing RealContentHashPlugin 701.344f0298.iframe.bundle.js generated SourceMap
<s> [webpack.Progress] 92% sealing asset processing RealContentHashPlugin 745.2fa39ed5.iframe.bundle.js generate SourceMap
<s> [webpack.Progress] 92% sealing asset processing RealContentHashPlugin 745.2fa39ed5.iframe.bundle.js generated SourceMap
<s> [webpack.Progress] 92% sealing asset processing RealContentHashPlugin 551.7eb6cc38.iframe.bundle.js generate SourceMap
<s> [webpack.Progress] 92% sealing asset processing RealContentHashPlugin 551.7eb6cc38.iframe.bundle.js generated SourceMap
<s> [webpack.Progress] 92% sealing asset processing RealContentHashPlugin 229.4215508b.iframe.bundle.js generate SourceMap
<s> [webpack.Progress] 92% sealing asset processing RealContentHashPlugin 229.4215508b.iframe.bundle.js generated SourceMap
<s> [webpack.Progress] 92% sealing asset processing RealContentHashPlugin 935.cba13548.iframe.bundle.js generate SourceMap
<s> [webpack.Progress] 92% sealing asset processing RealContentHashPlugin 935.cba13548.iframe.bundle.js generated SourceMap
<s> [webpack.Progress] 92% sealing asset processing RealContentHashPlugin 273.b2a78c0e.iframe.bundle.js generate SourceMap
<s> [webpack.Progress] 92% sealing asset processing RealContentHashPlugin 273.b2a78c0e.iframe.bundle.js generated SourceMap
<s> [webpack.Progress] 92% sealing asset processing RealContentHashPlugin 51.f1a5ee6c.iframe.bundle.js generate SourceMap
<s> [webpack.Progress] 92% sealing asset processing RealContentHashPlugin 51.f1a5ee6c.iframe.bundle.js generated SourceMap
<s> [webpack.Progress] 92% sealing asset processing RealContentHashPlugin 807.a8081eef.iframe.bundle.js generate SourceMap
<s> [webpack.Progress] 92% sealing asset processing RealContentHashPlugin 807.a8081eef.iframe.bundle.js generated SourceMap
<s> [webpack.Progress] 92% sealing asset processing RealContentHashPlugin 897.8c6f6572.iframe.bundle.js generate SourceMap
<s> [webpack.Progress] 92% sealing asset processing RealContentHashPlugin 897.8c6f6572.iframe.bundle.js generated SourceMap
<s> [webpack.Progress] 92% sealing asset processing RealContentHashPlugin resolve sources
<s> [webpack.Progress] 92% sealing asset processing RealContentHashPlugin
<s> [webpack.Progress] 92% sealing asset processing
<s> [webpack.Progress] 93% sealing after asset optimization
<s> [webpack.Progress] 93% sealing after asset optimization
<s> [webpack.Progress] 93% sealing recording
<s> [webpack.Progress] 93% sealing recording
<s> [webpack.Progress] 94% sealing after seal
<s> [webpack.Progress] 94% sealing after seal
<s> [webpack.Progress] 95% emitting emit
<s> [webpack.Progress] 95% emitting emit
<s> [webpack.Progress] 98% emitting after emit
<s> [webpack.Progress] 98% emitting after emit SizeLimitsPlugin
<s> [webpack.Progress] 98% emitting after emit
<s> [webpack.Progress] 99% done plugins
<s> [webpack.Progress] 99% done plugins CaseSensitivePathsPlugin
<s> [webpack.Progress] 99% done plugins
<s> [webpack.Progress] 99% 

<s> [webpack.Progress] 99% cache store build dependencies
<s> [webpack.Progress] 99% cache store build dependencies
<s> [webpack.Progress] 99% cache begin idle
<s> [webpack.Progress] 99% cache begin idle
<s> [webpack.Progress] 100% 

info => Preview built (3.98 min)
WARN asset size limit: The following asset(s) exceed the recommended size limit (244 KiB).
WARN This can impact web performance.
WARN Assets: 
WARN   273.b2a78c0e.iframe.bundle.js (1.2 MiB)
WARN   807.a8081eef.iframe.bundle.js (820 KiB)
WARN   711.53a314e4.iframe.bundle.js (5.23 MiB)
WARN entrypoint size limit: The following entrypoint(s) combined asset size exceeds the recommended limit (244 KiB). This can impact web performance.
WARN Entrypoints:
WARN   main (5.37 MiB)
WARN       runtime~main.9b83251b.iframe.bundle.js
WARN       711.53a314e4.iframe.bundle.js
WARN       main.6f36f0e0.iframe.bundle.js
WARN 
<s> [webpack.Progress] 99% cache shutdown
<s> [webpack.Progress] 99% cache shutdown
<s> [webpack.Progress] 100% 

info => Output directory: /tmp/chromatic--1576-F1gz9j2KvKOR
